TN:
SF:C:\Webs\baltimorecountymd.gov\BCPL-assets\js\utility\namespacer.js
FNF:0
FNH:0
DA:5,1
DA:6,18
DA:7,2
DA:10,16
DA:11,16
DA:13,16
DA:14,0
DA:17,16
DA:18,29
DA:20,29
DA:21,8
DA:24,29
LF:12
LH:11
BRDA:6,1,0,2
BRDA:6,1,1,16
BRDA:13,2,0,0
BRDA:13,2,1,16
BRDA:20,3,0,8
BRDA:20,3,1,21
BRF:6
BRH:5
end_of_record
TN:
SF:C:\Webs\baltimorecountymd.gov\BCPL-assets\js\utility\flex-detect.js
FNF:0
FNH:0
DA:1,1
DA:3,1
DA:4,1
DA:5,3
DA:7,3
DA:9,3
DA:10,1
DA:14,1
DA:17,1
DA:18,1
LF:10
LH:10
BRDA:5,1,0,3
BRDA:5,1,1,1
BRDA:9,2,0,1
BRDA:9,2,1,2
BRF:4
BRH:4
end_of_record
TN:
SF:C:\Webs\baltimorecountymd.gov\BCPL-assets\js\utility\numericStringTools.js
FNF:0
FNH:0
DA:1,1
DA:3,1
DA:9,1
DA:10,4
DA:11,4
DA:18,1
DA:19,3
DA:20,3
DA:21,3
DA:28,1
DA:29,2
DA:30,2
DA:31,2
DA:33,2
DA:36,1
LF:15
LH:15
BRDA:11,1,0,1
BRDA:11,1,1,3
BRDA:11,2,0,4
BRDA:11,2,1,1
BRDA:21,3,0,2
BRDA:21,3,1,1
BRDA:33,4,0,1
BRDA:33,4,1,1
BRF:8
BRH:8
end_of_record
TN:
SF:C:\Webs\baltimorecountymd.gov\BCPL-assets\js\utility\querystringer.js
FNF:0
FNH:0
DA:1,1
DA:3,1
DA:9,1
DA:10,4
DA:12,4
DA:13,3
DA:14,3
DA:15,3
DA:17,3
DA:18,9
DA:19,9
DA:20,9
DA:22,9
DA:25,3
DA:28,1
DA:31,1
LF:16
LH:16
BRDA:10,1,0,4
BRDA:10,1,1,1
BRDA:12,2,0,3
BRDA:12,2,1,1
BRDA:22,3,0,9
BRDA:22,3,1,0
BRF:6
BRH:5
end_of_record
TN:
SF:C:\Webs\baltimorecountymd.gov\BCPL-assets\js\utility\window-shade.js
FNF:0
FNH:0
DA:1,1
DA:3,1
DA:4,1
DA:5,1
DA:7,1
DA:8,0
DA:10,0
DA:12,0
DA:13,0
DA:14,0
DA:19,1
LF:11
LH:6
BRF:0
BRH:0
end_of_record
TN:
SF:C:\Webs\baltimorecountymd.gov\BCPL-assets\js\constants.js
FNF:0
FNH:0
DA:1,1
DA:3,1
LF:2
LH:2
BRF:0
BRH:0
end_of_record
TN:
SF:C:\Webs\baltimorecountymd.gov\BCPL-assets\js\page-specific\branches-map.js
FNF:0
FNH:0
DA:1,1
DA:3,1
DA:4,1
DA:6,1
DA:7,1
DA:8,1
DA:10,1
DA:11,1
DA:14,1
DA:15,0
DA:16,0
DA:20,0
DA:22,0
DA:32,0
DA:34,0
DA:35,0
DA:40,1
DA:41,2
DA:42,0
DA:45,2
DA:48,1
DA:49,1
DA:50,1
DA:51,0
DA:55,1
DA:56,0
DA:68,0
DA:82,0
DA:85,1
LF:29
LH:17
BRDA:15,1,0,0
BRDA:15,1,1,0
BRDA:50,2,0,0
BRDA:50,2,1,1
BRDA:50,3,0,1
BRDA:50,3,1,0
BRF:6
BRH:2
end_of_record
TN:
SF:C:\Webs\baltimorecountymd.gov\BCPL-assets\js\page-specific\search-results.js
FNF:0
FNH:0
DA:1,1
DA:3,1
DA:4,1
DA:5,0
DA:6,0
DA:9,1
DA:10,0
DA:11,0
DA:13,1
DA:14,0
DA:16,0
DA:18,0
DA:20,0
DA:22,0
DA:24,0
DA:26,0
DA:29,1
DA:30,0
DA:32,0
DA:33,0
DA:40,0
DA:42,0
DA:43,0
DA:44,0
DA:45,0
DA:46,0
DA:49,0
DA:52,0
DA:54,0
DA:55,0
DA:56,0
DA:57,0
DA:58,0
DA:61,0
DA:65,1
DA:66,0
DA:69,1
DA:70,0
DA:73,1
DA:74,0
DA:75,0
DA:77,0
DA:80,1
DA:81,0
DA:82,0
DA:84,0
DA:87,1
DA:88,1
DA:90,1
DA:91,0
DA:92,0
DA:93,0
DA:95,0
DA:96,0
DA:98,0
DA:100,1
DA:101,1
DA:105,1
DA:110,1
DA:111,1
LF:60
LH:18
BRDA:14,1,0,0
BRDA:14,1,1,0
BRDA:14,2,0,0
BRDA:14,2,1,0
BRDA:18,3,0,0
BRDA:18,3,1,0
BRDA:18,4,0,0
BRDA:18,4,1,0
BRDA:20,5,0,0
BRDA:20,5,1,0
BRDA:20,6,0,0
BRDA:20,6,1,0
BRDA:22,7,0,0
BRDA:22,7,1,0
BRDA:24,8,0,0
BRDA:24,8,1,0
BRDA:32,9,0,0
BRDA:32,9,1,0
BRDA:90,10,0,0
BRDA:90,10,1,1
BRDA:92,11,0,0
BRDA:92,11,1,0
BRDA:93,12,0,0
BRDA:93,12,1,0
BRF:24
BRH:1
end_of_record
TN:
SF:C:\Webs\baltimorecountymd.gov\BCPL-assets\js\alert-box.js
FNF:0
FNH:0
DA:1,1
DA:3,1
DA:4,1
DA:5,1
DA:7,1
DA:8,1
DA:10,1
DA:11,2
DA:13,2
DA:14,2
DA:17,1
DA:18,1
DA:19,1
DA:20,1
DA:22,1
DA:23,1
DA:24,1
DA:27,0
DA:28,0
DA:32,1
DA:40,1
DA:41,1
LF:22
LH:20
BRDA:22,1,0,1
BRDA:22,1,1,0
BRDA:22,2,0,1
BRDA:22,2,1,1
BRDA:22,2,2,0
BRF:5
BRH:3
end_of_record
TN:
SF:C:\Webs\baltimorecountymd.gov\BCPL-assets\js\filter.js
FNF:0
FNH:0
DA:1,1
DA:3,1
DA:4,1
DA:5,1
DA:7,1
DA:8,0
DA:10,0
DA:11,0
DA:13,0
DA:14,0
DA:19,1
DA:20,0
DA:21,0
DA:22,0
DA:23,0
DA:24,0
DA:25,0
DA:26,0
DA:27,0
DA:29,0
DA:30,0
DA:33,0
DA:34,0
DA:38,1
DA:39,0
DA:41,0
DA:42,0
DA:44,0
DA:45,0
DA:47,0
DA:50,1
DA:51,0
DA:52,0
DA:55,1
DA:56,0
DA:57,0
DA:58,0
DA:59,0
DA:60,0
DA:61,0
DA:62,0
DA:63,0
DA:65,0
DA:66,0
DA:68,0
DA:69,0
DA:72,0
DA:73,0
DA:74,0
DA:78,0
DA:80,0
DA:85,0
DA:88,0
DA:92,1
DA:93,0
DA:95,0
DA:100,0
DA:102,0
DA:105,1
DA:106,0
DA:109,1
DA:110,0
DA:115,1
DA:116,0
DA:121,1
DA:122,0
DA:123,0
DA:124,0
DA:126,0
DA:127,0
DA:129,0
DA:130,0
DA:131,0
DA:133,0
DA:138,1
DA:139,0
DA:141,0
DA:142,0
DA:144,0
DA:145,0
DA:146,0
DA:147,0
DA:150,1
LF:83
LH:16
BRDA:13,1,0,0
BRDA:13,1,1,0
BRDA:29,2,0,0
BRDA:29,2,1,0
BRDA:29,3,0,0
BRDA:29,3,1,0
BRDA:33,4,0,0
BRDA:33,4,1,0
BRDA:63,5,0,0
BRDA:63,5,1,0
BRDA:63,6,0,0
BRDA:63,6,1,0
BRDA:73,7,0,0
BRDA:73,7,1,0
BRDA:93,8,0,0
BRDA:93,8,1,0
BRDA:129,9,0,0
BRDA:129,9,1,0
BRF:18
BRH:0
end_of_record
TN:
SF:C:\Webs\baltimorecountymd.gov\BCPL-assets\js\navigation-search.js
FN:96,afterAnimation
FNF:1
FNH:0
FNDA:0,afterAnimation
DA:1,1
DA:3,1
DA:4,1
DA:5,1
DA:6,1
DA:7,1
DA:8,1
DA:9,1
DA:10,1
DA:11,1
DA:12,1
DA:16,3
DA:18,1
DA:19,4
DA:20,4
DA:21,4
DA:22,4
DA:30,1
DA:31,6
DA:32,6
DA:33,6
DA:34,6
DA:35,6
DA:38,6
DA:39,6
DA:40,6
DA:41,6
DA:42,6
DA:43,6
DA:46,1
DA:47,6
DA:48,3
DA:50,3
DA:57,1
DA:58,6
DA:59,6
DA:60,6
DA:61,6
DA:63,6
DA:65,6
DA:66,3
DA:67,3
DA:68,3
DA:70,3
DA:71,3
DA:72,3
DA:79,1
DA:80,1
DA:81,1
DA:82,1
DA:89,1
DA:90,0
DA:91,0
DA:92,0
DA:94,0
DA:95,0
DA:97,0
DA:102,0
DA:106,1
DA:108,1
DA:109,4
DA:110,4
DA:112,4
DA:113,1
DA:114,1
DA:116,3
DA:117,3
DA:118,3
DA:119,3
DA:120,3
DA:129,1
DA:130,1
DA:131,1
DA:132,1
DA:133,1
DA:134,1
DA:135,1
DA:136,1
DA:138,1
DA:144,1
DA:151,1
DA:155,1
DA:160,1
DA:165,1
DA:170,1
DA:171,0
DA:175,1
DA:188,1
DA:189,1
LF:89
LH:81
BRDA:47,1,0,3
BRDA:47,1,1,3
BRDA:47,2,0,6
BRDA:47,2,1,3
BRDA:65,3,0,3
BRDA:65,3,1,3
BRDA:94,4,0,0
BRDA:94,4,1,0
BRDA:112,5,0,1
BRDA:112,5,1,3
BRDA:112,6,0,4
BRDA:112,6,1,2
BRDA:119,7,0,3
BRDA:119,7,1,0
BRDA:119,8,0,3
BRDA:119,8,1,3
BRDA:170,9,0,0
BRDA:170,9,1,1
BRF:18
BRH:14
end_of_record
TN:
SF:C:\Webs\baltimorecountymd.gov\BCPL-assets\js\navigation.js
FN:38,afterAnimation
FN:61,afterAnimation
FNF:2
FNH:0
FNDA:0,afterAnimation
FNDA:0,afterAnimation
DA:1,1
DA:3,1
DA:4,1
DA:5,1
DA:6,1
DA:7,1
DA:8,1
DA:9,1
DA:10,1
DA:12,3
DA:14,2
DA:16,1
DA:18,1
DA:20,1
DA:21,0
DA:25,0
DA:26,0
DA:30,1
DA:31,0
DA:32,0
DA:33,0
DA:39,0
DA:43,1
DA:44,0
DA:51,0
DA:52,0
DA:56,1
DA:57,0
DA:58,0
DA:59,0
DA:62,0
DA:66,1
DA:68,1
DA:70,1
DA:71,0
DA:72,0
DA:74,0
DA:78,1
DA:79,0
DA:80,0
DA:81,0
DA:82,0
DA:83,0
DA:84,0
DA:86,0
DA:88,0
DA:91,1
DA:92,0
DA:93,0
DA:95,0
DA:97,0
DA:98,0
DA:99,0
DA:100,0
DA:102,0
DA:106,1
DA:107,0
DA:108,0
DA:110,0
DA:112,0
DA:113,0
DA:114,0
DA:119,0
DA:121,0
DA:122,0
DA:123,0
DA:128,0
DA:132,0
DA:133,0
DA:134,0
DA:135,0
DA:140,0
DA:142,0
DA:146,1
DA:147,0
DA:148,0
DA:149,0
DA:150,0
DA:152,0
DA:154,0
DA:155,0
DA:156,0
DA:158,0
DA:160,0
DA:162,0
DA:163,0
DA:164,0
DA:165,0
DA:166,0
DA:169,0
DA:171,0
DA:172,0
DA:173,0
DA:175,0
DA:176,0
DA:177,0
DA:178,0
DA:179,0
DA:182,0
DA:185,0
DA:186,0
DA:187,0
DA:188,0
DA:190,0
DA:194,1
DA:195,0
DA:196,0
DA:199,1
DA:200,0
DA:202,0
DA:203,0
DA:204,0
DA:208,1
DA:209,1
DA:210,1
DA:211,1
DA:212,1
DA:213,1
DA:216,1
LF:119
LH:33
BRDA:25,1,0,0
BRDA:25,1,1,0
BRDA:25,2,0,0
BRDA:25,2,1,0
BRDA:31,3,0,0
BRDA:31,3,1,0
BRDA:32,4,0,0
BRDA:32,4,1,0
BRDA:51,5,0,0
BRDA:51,5,1,0
BRDA:51,6,0,0
BRDA:51,6,1,0
BRDA:57,7,0,0
BRDA:57,7,1,0
BRDA:58,8,0,0
BRDA:58,8,1,0
BRDA:71,9,0,0
BRDA:71,9,1,0
BRDA:71,10,0,0
BRDA:71,10,1,0
BRDA:83,11,0,0
BRDA:83,11,1,0
BRDA:92,12,0,0
BRDA:92,12,1,0
BRDA:95,13,0,0
BRDA:95,13,1,0
BRDA:107,14,0,0
BRDA:107,14,1,0
BRDA:110,15,0,0
BRDA:110,15,1,0
BRDA:110,15,2,0
BRDA:110,15,3,0
BRDA:110,15,4,0
BRDA:110,15,5,0
BRDA:147,16,0,0
BRDA:147,16,1,0
BRDA:152,17,0,0
BRDA:152,17,1,0
BRDA:152,17,2,0
BRDA:152,17,3,0
BRDA:152,17,4,0
BRDA:152,17,5,0
BRDA:152,17,6,0
BRDA:155,18,0,0
BRDA:155,18,1,0
BRDA:163,19,0,0
BRDA:163,19,1,0
BRDA:176,20,0,0
BRDA:176,20,1,0
BRDA:202,21,0,0
BRDA:202,21,1,0
BRDA:202,22,0,0
BRDA:202,22,1,0
BRF:53
BRH:0
end_of_record
TN:
SF:C:\Webs\baltimorecountymd.gov\BCPL-assets\js\tabs.js
FNF:0
FNH:0
DA:1,1
DA:3,1
DA:4,1
DA:5,1
DA:6,1
DA:8,1
DA:9,0
DA:10,0
DA:11,0
DA:13,0
DA:14,0
DA:15,0
DA:16,0
DA:19,1
DA:20,1
DA:21,1
DA:23,1
DA:29,1
DA:32,1
DA:33,1
LF:20
LH:13
BRF:0
BRH:0
end_of_record
