TN:
SF:C:\Users\jepowell\Desktop\active-projects\BCPL-assets\js\utility\namespacer.js
FNF:0
FNH:0
DA:5,1
DA:6,24
DA:7,2
DA:10,22
DA:11,22
DA:13,22
DA:14,0
DA:17,22
DA:18,38
DA:20,38
DA:21,9
DA:24,38
LF:12
LH:11
BRDA:6,1,0,2
BRDA:6,1,1,22
BRDA:13,2,0,0
BRDA:13,2,1,22
BRDA:20,3,0,9
BRDA:20,3,1,29
BRF:6
BRH:5
end_of_record
TN:
SF:C:\Users\jepowell\Desktop\active-projects\BCPL-assets\js\utility\flex-detect.js
FNF:0
FNH:0
DA:1,1
DA:3,1
DA:4,1
DA:5,3
DA:6,3
DA:8,3
DA:9,1
DA:13,1
DA:16,1
DA:17,1
LF:10
LH:10
BRDA:5,1,0,3
BRDA:5,1,1,1
BRDA:8,2,0,1
BRDA:8,2,1,2
BRF:4
BRH:4
end_of_record
TN:
SF:C:\Users\jepowell\Desktop\active-projects\BCPL-assets\js\utility\formatters.js
FN:3,(anonymous_1)
FN:6,formatCurrency
FN:26,formatPhoneNumber
FN:33,(anonymous_4)
FN:44,(anonymous_5)
FN:60,format
FNF:6
FNH:1
FNDA:1,(anonymous_1)
FNDA:0,formatCurrency
FNDA:0,formatPhoneNumber
FNDA:0,(anonymous_4)
FNDA:0,(anonymous_5)
FNDA:0,format
DA:1,1
DA:3,1
DA:6,1
DA:7,0
DA:8,0
DA:11,0
DA:12,0
DA:15,0
DA:23,0
DA:26,1
DA:27,0
DA:28,0
DA:31,0
DA:32,0
DA:33,0
DA:34,0
DA:36,0
DA:39,0
DA:40,0
DA:43,0
DA:44,0
DA:45,0
DA:48,0
DA:49,0
DA:52,0
DA:55,1
DA:60,1
DA:61,0
DA:64,1
LF:29
LH:7
BRDA:7,1,0,0
BRDA:7,1,1,0
BRDA:11,2,0,0
BRDA:11,2,1,0
BRDA:11,3,0,0
BRDA:11,3,1,0
BRDA:27,4,0,0
BRDA:27,4,1,0
BRDA:39,5,0,0
BRDA:39,5,1,0
BRDA:43,6,0,0
BRDA:43,6,1,0
BRDA:43,7,0,0
BRDA:43,7,1,0
BRF:14
BRH:0
end_of_record
TN:
SF:C:\Users\jepowell\Desktop\active-projects\BCPL-assets\js\utility\numericStringTools.js
FNF:0
FNH:0
DA:1,1
DA:3,1
DA:9,1
DA:10,4
DA:11,4
DA:18,1
DA:19,3
DA:20,3
DA:21,3
DA:28,1
DA:29,2
DA:30,2
DA:31,2
DA:33,2
DA:36,1
LF:15
LH:15
BRDA:11,1,0,1
BRDA:11,1,1,3
BRDA:11,2,0,4
BRDA:11,2,1,1
BRDA:21,3,0,2
BRDA:21,3,1,1
BRDA:33,4,0,1
BRDA:33,4,1,1
BRF:8
BRH:8
end_of_record
TN:
SF:C:\Users\jepowell\Desktop\active-projects\BCPL-assets\js\utility\querystringer.js
FNF:0
FNH:0
DA:1,1
DA:3,1
DA:9,1
DA:10,4
DA:12,4
DA:13,3
DA:14,3
DA:15,3
DA:17,3
DA:18,9
DA:19,9
DA:20,9
DA:22,9
DA:25,3
DA:28,1
DA:31,1
LF:16
LH:16
BRDA:10,1,0,4
BRDA:10,1,1,1
BRDA:12,2,0,3
BRDA:12,2,1,1
BRDA:22,3,0,9
BRDA:22,3,1,0
BRF:6
BRH:5
end_of_record
TN:
SF:C:\Users\jepowell\Desktop\active-projects\BCPL-assets\js\utility\window-shade.js
FNF:0
FNH:0
DA:1,1
DA:3,1
DA:4,1
DA:5,1
DA:7,1
DA:8,0
DA:10,0
DA:12,0
DA:13,0
DA:14,0
DA:19,1
LF:11
LH:6
BRF:0
BRH:0
end_of_record
TN:
SF:C:\Users\jepowell\Desktop\active-projects\BCPL-assets\js\constants.js
FNF:0
FNH:0
DA:1,1
DA:3,1
LF:2
LH:2
BRF:0
BRH:0
end_of_record
TN:
SF:C:\Users\jepowell\Desktop\active-projects\BCPL-assets\js\page-specific\branches-map.js
FNF:0
FNH:0
DA:1,1
DA:3,1
DA:4,1
DA:6,1
DA:7,1
DA:8,1
DA:10,1
DA:11,1
DA:14,1
DA:15,0
DA:16,0
DA:20,0
DA:22,0
DA:32,0
DA:34,0
DA:35,0
DA:40,1
DA:41,2
DA:42,0
DA:45,2
DA:48,1
DA:49,1
DA:50,1
DA:51,0
DA:55,1
DA:56,0
DA:68,0
DA:82,0
DA:85,1
LF:29
LH:17
BRDA:15,1,0,0
BRDA:15,1,1,0
BRDA:50,2,0,0
BRDA:50,2,1,1
BRDA:50,3,0,1
BRDA:50,3,1,0
BRF:6
BRH:2
end_of_record
TN:
SF:C:\Users\jepowell\Desktop\active-projects\BCPL-assets\js\page-specific\search-results.js
FNF:0
FNH:0
DA:1,1
DA:3,1
DA:4,1
DA:5,0
DA:6,0
DA:9,1
DA:10,0
DA:11,0
DA:13,1
DA:14,0
DA:16,0
DA:18,0
DA:20,0
DA:22,0
DA:24,0
DA:26,0
DA:29,1
DA:30,0
DA:32,0
DA:33,0
DA:40,0
DA:42,0
DA:43,0
DA:44,0
DA:45,0
DA:46,0
DA:49,0
DA:52,0
DA:54,0
DA:55,0
DA:56,0
DA:57,0
DA:58,0
DA:61,0
DA:65,1
DA:66,0
DA:69,1
DA:70,0
DA:73,1
DA:74,0
DA:75,0
DA:77,0
DA:80,1
DA:81,0
DA:82,0
DA:84,0
DA:87,1
DA:88,1
DA:90,1
DA:91,0
DA:92,0
DA:93,0
DA:95,0
DA:96,0
DA:98,0
DA:100,1
DA:101,1
DA:105,1
DA:110,1
DA:111,1
LF:60
LH:18
BRDA:14,1,0,0
BRDA:14,1,1,0
BRDA:14,2,0,0
BRDA:14,2,1,0
BRDA:18,3,0,0
BRDA:18,3,1,0
BRDA:18,4,0,0
BRDA:18,4,1,0
BRDA:20,5,0,0
BRDA:20,5,1,0
BRDA:20,6,0,0
BRDA:20,6,1,0
BRDA:22,7,0,0
BRDA:22,7,1,0
BRDA:24,8,0,0
BRDA:24,8,1,0
BRDA:32,9,0,0
BRDA:32,9,1,0
BRDA:90,10,0,0
BRDA:90,10,1,1
BRDA:92,11,0,0
BRDA:92,11,1,0
BRDA:93,12,0,0
BRDA:93,12,1,0
BRF:24
BRH:1
end_of_record
TN:
SF:C:\Users\jepowell\Desktop\active-projects\BCPL-assets\js\apps\events-page\app.js
FNF:0
FNH:0
DA:1,1
DA:2,1
DA:4,1
LF:3
LH:3
BRF:0
BRH:0
end_of_record
TN:
SF:C:\Users\jepowell\Desktop\active-projects\BCPL-assets\js\apps\events-page\constants.js
FNF:0
FNH:0
DA:1,1
DA:2,1
DA:4,1
DA:6,1
DA:34,1
LF:5
LH:5
BRF:0
BRH:0
end_of_record
TN:
SF:C:\Users\jepowell\Desktop\active-projects\BCPL-assets\js\apps\events-page\controllers\eventDetailsCtrl.js
FN:4,EventsPageCtrl
FNF:1
FNH:0
FNDA:0,EventsPageCtrl
DA:1,1
DA:2,1
DA:4,1
DA:5,0
DA:6,0
DA:8,0
DA:9,0
DA:10,0
DA:11,0
DA:13,0
DA:14,0
DA:15,0
DA:16,0
DA:17,0
DA:18,0
DA:21,0
DA:24,1
DA:26,1
LF:18
LH:5
BRF:0
BRH:0
end_of_record
TN:
SF:C:\Users\jepowell\Desktop\active-projects\BCPL-assets\js\apps\events-page\controllers\eventRegistrationCtrl.js
FN:4,EventsPageCtrl
FNF:1
FNH:0
FNDA:0,EventsPageCtrl
DA:1,1
DA:2,1
DA:4,1
DA:5,0
DA:7,0
DA:9,0
DA:10,0
DA:11,0
DA:12,0
DA:14,0
DA:15,0
DA:17,0
DA:27,0
DA:29,0
DA:30,0
DA:32,0
DA:34,0
DA:35,0
DA:38,0
DA:41,0
DA:46,0
DA:47,0
DA:48,0
DA:52,0
DA:53,0
DA:54,0
DA:57,0
DA:60,1
DA:62,1
LF:29
LH:5
BRDA:34,1,0,0
BRDA:34,1,1,0
BRDA:34,2,0,0
BRDA:34,2,1,0
BRDA:38,3,0,0
BRDA:38,3,1,0
BRDA:38,3,2,0
BRDA:41,4,0,0
BRDA:41,4,1,0
BRF:9
BRH:0
end_of_record
TN:
SF:C:\Users\jepowell\Desktop\active-projects\BCPL-assets\js\apps\events-page\controllers\eventsPageCtrl.js
FN:4,EventsPageCtrl
FNF:1
FNH:0
FNDA:0,EventsPageCtrl
DA:1,1
DA:2,1
DA:4,1
DA:5,0
DA:6,0
DA:7,0
DA:8,0
DA:9,0
DA:10,0
DA:21,0
DA:28,0
DA:29,0
DA:30,0
DA:31,0
DA:32,0
DA:33,0
DA:34,0
DA:35,0
DA:37,0
DA:38,0
DA:39,0
DA:41,0
DA:42,0
DA:43,0
DA:44,0
DA:45,0
DA:46,0
DA:47,0
DA:49,0
DA:55,0
DA:56,0
DA:57,0
DA:58,0
DA:59,0
DA:60,0
DA:61,0
DA:62,0
DA:63,0
DA:64,0
DA:66,0
DA:73,0
DA:74,0
DA:76,0
DA:77,0
DA:79,0
DA:80,0
DA:82,0
DA:83,0
DA:85,0
DA:88,0
DA:89,0
DA:90,0
DA:92,0
DA:98,0
DA:99,0
DA:100,0
DA:103,0
DA:104,0
DA:105,0
DA:107,0
DA:109,0
DA:110,0
DA:115,0
DA:116,0
DA:118,0
DA:119,0
DA:120,0
DA:125,0
DA:126,0
DA:127,0
DA:128,0
DA:129,0
DA:130,0
DA:131,0
DA:132,0
DA:134,0
DA:135,0
DA:136,0
DA:137,0
DA:138,0
DA:139,0
DA:140,0
DA:141,0
DA:142,0
DA:144,0
DA:152,0
DA:153,0
DA:154,0
DA:155,0
DA:156,0
DA:157,0
DA:159,0
DA:160,0
DA:164,0
DA:165,0
DA:166,0
DA:169,0
DA:170,0
DA:171,0
DA:174,0
DA:175,0
DA:176,0
DA:179,0
DA:182,0
DA:183,0
DA:184,0
DA:187,0
DA:190,0
DA:191,0
DA:192,0
DA:194,0
DA:195,0
DA:196,0
DA:198,0
DA:202,0
DA:205,0
DA:206,0
DA:207,0
DA:208,0
DA:213,0
DA:214,0
DA:216,0
DA:222,1
DA:224,1
LF:124
LH:5
BRDA:57,1,0,0
BRDA:57,1,1,0
BRDA:74,2,0,0
BRDA:74,2,1,0
BRDA:74,2,2,0
BRDA:74,2,3,0
BRDA:104,3,0,0
BRDA:104,3,1,0
BRDA:109,4,0,0
BRDA:109,4,1,0
BRDA:175,5,0,0
BRDA:175,5,1,0
BRDA:175,6,0,0
BRDA:175,6,1,0
BRDA:183,7,0,0
BRDA:183,7,1,0
BRDA:183,8,0,0
BRDA:183,8,1,0
BRDA:195,9,0,0
BRDA:195,9,1,0
BRF:20
BRH:0
end_of_record
TN:
SF:C:\Users\jepowell\Desktop\active-projects\BCPL-assets\js\apps\events-page\dataServices\eventsService.js
FNF:0
FNH:0
DA:1,1
DA:2,1
DA:4,1
DA:6,1
DA:7,11
DA:8,22
DA:10,22
DA:13,11
DA:14,1
DA:15,1
DA:17,1
DA:18,6
DA:20,6
DA:21,3
DA:24,18
DA:27,3
DA:31,1
DA:34,11
DA:35,0
DA:36,0
DA:38,0
DA:39,0
DA:44,0
DA:50,11
DA:51,0
DA:52,0
DA:54,0
DA:55,0
DA:56,0
DA:58,0
DA:60,0
DA:66,11
DA:67,6
DA:70,11
DA:71,4
DA:72,4
DA:74,4
DA:75,4
DA:76,4
DA:77,4
DA:79,4
DA:82,11
DA:83,0
DA:85,0
DA:86,0
DA:87,0
DA:90,0
DA:93,11
DA:94,0
DA:95,0
DA:97,0
DA:98,0
DA:100,0
DA:106,11
DA:119,1
DA:121,1
LF:56
LH:34
BRDA:20,1,0,3
BRDA:20,1,1,3
BRDA:38,2,0,0
BRDA:38,2,1,0
BRDA:54,3,0,0
BRDA:54,3,1,0
BRDA:55,4,0,0
BRDA:55,4,1,0
BRDA:97,5,0,0
BRDA:97,5,1,0
BRF:10
BRH:2
end_of_record
TN:
SF:C:\Users\jepowell\Desktop\active-projects\BCPL-assets\js\apps\events-page\dataServices\metaService.js
FNF:0
FNH:0
DA:1,1
DA:2,1
DA:4,1
DA:5,0
DA:6,0
DA:7,0
DA:9,0
DA:11,0
DA:16,0
DA:21,1
DA:23,1
LF:11
LH:5
BRF:0
BRH:0
end_of_record
TN:
SF:C:\Users\jepowell\Desktop\active-projects\BCPL-assets\js\apps\events-page\dataServices\registrationService.js
FNF:0
FNH:0
DA:1,1
DA:2,1
DA:4,1
DA:5,0
DA:6,0
DA:7,0
DA:9,0
DA:10,0
DA:14,0
DA:20,0
DA:25,1
DA:27,1
LF:12
LH:5
BRDA:9,1,0,0
BRDA:9,1,1,0
BRF:2
BRH:0
end_of_record
TN:
SF:C:\Users\jepowell\Desktop\active-projects\BCPL-assets\js\apps\events-page\directives\datepickers.js
FN:12,disable
FN:15,onChange
FNF:2
FNH:0
FNDA:0,disable
FNDA:0,onChange
DA:1,1
DA:2,1
DA:4,1
DA:5,0
DA:6,0
DA:8,0
DA:10,0
DA:13,0
DA:16,0
DA:17,0
DA:18,0
DA:20,0
DA:21,0
DA:22,0
DA:23,0
DA:25,0
DA:32,0
DA:33,0
DA:34,0
DA:37,0
DA:40,0
DA:51,0
DA:54,1
DA:56,1
LF:24
LH:5
BRDA:17,1,0,0
BRDA:17,1,1,0
BRDA:18,2,0,0
BRDA:18,2,1,0
BRDA:21,3,0,0
BRDA:21,3,1,0
BRF:6
BRH:0
end_of_record
TN:
SF:C:\Users\jepowell\Desktop\active-projects\BCPL-assets\js\apps\events-page\directives\eventsList.js
FNF:0
FNH:0
DA:1,1
DA:2,1
DA:4,1
DA:5,0
DA:6,0
DA:8,0
DA:15,0
DA:16,0
DA:18,0
DA:21,0
DA:30,0
DA:33,1
DA:35,1
LF:13
LH:5
BRF:0
BRH:0
end_of_record
TN:
SF:C:\Users\jepowell\Desktop\active-projects\BCPL-assets\js\apps\events-page\directives\filters-expandos.js
FNF:0
FNH:0
DA:1,1
DA:2,1
DA:4,1
DA:5,0
DA:6,0
DA:8,0
DA:9,0
DA:12,0
DA:13,0
DA:14,0
DA:17,0
DA:18,0
DA:20,0
DA:23,0
DA:25,0
DA:26,0
DA:30,0
DA:41,0
DA:44,1
DA:46,1
LF:20
LH:5
BRDA:13,1,0,0
BRDA:13,1,1,0
BRDA:25,2,0,0
BRDA:25,2,1,0
BRF:4
BRH:0
end_of_record
TN:
SF:C:\Users\jepowell\Desktop\active-projects\BCPL-assets\js\apps\events-page\directives\filters.js
FNF:0
FNH:0
DA:1,1
DA:2,1
DA:4,1
DA:5,0
DA:6,0
DA:8,0
DA:9,0
DA:12,0
DA:13,0
DA:14,0
DA:17,0
DA:18,0
DA:20,0
DA:23,0
DA:25,0
DA:26,0
DA:30,0
DA:41,0
DA:44,1
DA:46,1
LF:20
LH:5
BRDA:13,1,0,0
BRDA:13,1,1,0
BRDA:25,2,0,0
BRDA:25,2,1,0
BRF:4
BRH:0
end_of_record
TN:
SF:C:\Users\jepowell\Desktop\active-projects\BCPL-assets\js\apps\events-page\directives\loadMore.js
FNF:0
FNH:0
DA:1,1
DA:2,1
DA:4,1
DA:5,0
DA:14,0
DA:17,1
DA:19,1
LF:7
LH:5
BRF:0
BRH:0
end_of_record
TN:
SF:C:\Users\jepowell\Desktop\active-projects\BCPL-assets\js\apps\events-page\events-page.config.js
FNF:0
FNH:0
DA:1,1
DA:2,1
DA:4,1
DA:5,14
DA:23,1
DA:25,1
LF:6
LH:6
BRF:0
BRH:0
end_of_record
TN:
SF:C:\Users\jepowell\Desktop\active-projects\BCPL-assets\js\apps\events-page\services\dateUtilityService.js
FNF:0
FNH:0
DA:1,1
DA:2,1
DA:4,1
DA:5,11
DA:6,3
DA:8,3
DA:9,0
DA:12,3
DA:14,3
DA:17,11
DA:18,2
DA:20,1
DA:21,0
DA:24,1
DA:25,0
DA:28,1
DA:29,1
DA:30,1
DA:31,1
DA:32,1
DA:33,1
DA:34,1
DA:35,1
DA:37,1
DA:40,11
DA:41,5
DA:43,5
DA:45,4
DA:47,2
DA:50,11
DA:51,5
DA:54,11
DA:64,1
LF:33
LH:30
BRDA:6,1,0,2
BRDA:6,1,1,1
BRDA:8,2,0,0
BRDA:8,2,1,3
BRDA:8,3,0,3
BRDA:8,3,1,3
BRDA:18,4,0,1
BRDA:18,4,1,1
BRDA:20,5,0,0
BRDA:20,5,1,1
BRDA:20,6,0,1
BRDA:20,6,1,1
BRDA:24,7,0,0
BRDA:24,7,1,1
BRDA:24,8,0,1
BRDA:24,8,1,1
BRDA:37,9,0,1
BRDA:37,9,1,0
BRDA:37,10,0,0
BRDA:37,10,1,1
BRDA:37,11,0,1
BRDA:37,11,1,0
BRDA:43,12,0,1
BRDA:43,12,1,4
BRDA:45,13,0,2
BRDA:45,13,1,2
BRDA:51,14,0,3
BRDA:51,14,1,2
BRF:28
BRH:22
end_of_record
TN:
SF:C:\Users\jepowell\Desktop\active-projects\BCPL-assets\js\apps\events-page\services\querystringService.js
FNF:0
FNH:0
DA:1,1
DA:2,1
DA:4,1
DA:5,3
DA:6,3
DA:7,1
DA:10,2
DA:11,2
DA:12,2
DA:13,2
DA:15,2
DA:16,1
DA:17,3
DA:21,2
DA:24,3
DA:29,1
LF:16
LH:16
BRDA:6,1,0,1
BRDA:6,1,1,2
BRDA:15,2,0,1
BRDA:15,2,1,1
BRF:4
BRH:4
end_of_record
TN:
SF:C:\Users\jepowell\Desktop\active-projects\BCPL-assets\js\apps\filter-page\app.js
FNF:0
FNH:0
DA:1,1
DA:2,1
DA:4,1
LF:3
LH:3
BRF:0
BRH:0
end_of_record
TN:
SF:C:\Users\jepowell\Desktop\active-projects\BCPL-assets\js\apps\filter-page\constants.js
FNF:0
FNH:0
DA:1,1
DA:2,1
DA:4,1
DA:24,1
LF:4
LH:4
BRF:0
BRH:0
end_of_record
TN:
SF:C:\Users\jepowell\Desktop\active-projects\BCPL-assets\js\apps\filter-page\controllers\filterPageCtrl.js
FN:4,FilterPageCtrl
FNF:1
FNH:1
FNDA:8,FilterPageCtrl
DA:1,1
DA:2,1
DA:4,1
DA:5,8
DA:7,8
DA:8,8
DA:9,8
DA:16,8
DA:17,0
DA:18,0
DA:21,8
DA:22,0
DA:23,0
DA:28,8
DA:29,0
DA:30,0
DA:31,0
DA:32,0
DA:33,0
DA:34,0
DA:35,0
DA:45,8
DA:46,0
DA:48,0
DA:50,0
DA:51,0
DA:52,0
DA:53,0
DA:54,0
DA:63,8
DA:64,5
DA:66,5
DA:68,5
DA:70,5
DA:71,9
DA:72,7
DA:76,5
DA:85,8
DA:86,7
DA:87,7
DA:88,7
DA:89,7
DA:90,7
DA:92,7
DA:93,0
DA:94,0
DA:95,0
DA:99,7
DA:103,7
DA:105,7
DA:106,0
DA:107,0
DA:108,0
DA:113,7
DA:114,0
DA:116,0
DA:117,0
DA:121,7
DA:122,5
DA:124,2
DA:128,8
DA:129,0
DA:130,0
DA:131,0
DA:135,8
DA:136,8
DA:138,8
DA:141,8
DA:142,8
DA:146,1
DA:148,1
LF:71
LH:41
BRDA:46,1,0,0
BRDA:46,1,1,0
BRDA:48,2,0,0
BRDA:48,2,1,0
BRDA:66,3,0,0
BRDA:66,3,1,5
BRDA:71,4,0,7
BRDA:71,4,1,2
BRDA:87,5,0,0
BRDA:87,5,1,7
BRDA:92,6,0,0
BRDA:92,6,1,7
BRDA:94,7,0,0
BRDA:94,7,1,0
BRDA:99,8,0,7
BRDA:99,8,1,0
BRDA:105,9,0,0
BRDA:105,9,1,7
BRDA:105,10,0,7
BRDA:105,10,1,5
BRDA:107,11,0,0
BRDA:107,11,1,0
BRDA:116,12,0,0
BRDA:116,12,1,0
BRDA:121,13,0,5
BRDA:121,13,1,2
BRF:26
BRH:11
end_of_record
TN:
SF:C:\Users\jepowell\Desktop\active-projects\BCPL-assets\js\apps\filter-page\dataServices\databasesService.js
FNF:0
FNH:0
DA:1,1
DA:2,1
DA:3,0
DA:4,0
DA:9,0
DA:14,1
DA:16,1
LF:7
LH:4
BRF:0
BRH:0
end_of_record
TN:
SF:C:\Users\jepowell\Desktop\active-projects\BCPL-assets\js\apps\filter-page\dataServices\locationsService.js
FNF:0
FNH:0
DA:1,1
DA:2,1
DA:3,8
DA:4,8
DA:6,0
DA:11,8
DA:12,0
DA:14,0
DA:17,8
DA:22,1
DA:24,1
LF:11
LH:8
BRDA:12,1,0,0
BRDA:12,1,1,0
BRF:2
BRH:0
end_of_record
TN:
SF:C:\Users\jepowell\Desktop\active-projects\BCPL-assets\js\apps\filter-page\directives\card.js
FNF:0
FNH:0
DA:1,1
DA:2,1
DA:4,1
DA:5,0
DA:6,0
DA:7,0
DA:11,0
DA:23,0
DA:26,1
DA:28,1
LF:10
LH:5
BRF:0
BRH:0
end_of_record
TN:
SF:C:\Users\jepowell\Desktop\active-projects\BCPL-assets\js\apps\filter-page\directives\filter.js
FN:5,filterLink
FNF:1
FNH:0
FNDA:0,filterLink
DA:1,1
DA:2,1
DA:4,1
DA:5,0
DA:6,0
DA:7,0
DA:8,0
DA:9,0
DA:11,0
DA:12,0
DA:15,0
DA:16,0
DA:17,0
DA:21,0
DA:33,0
DA:36,1
LF:16
LH:4
BRDA:8,1,0,0
BRDA:8,1,1,0
BRDA:11,2,0,0
BRDA:11,2,1,0
BRF:4
BRH:0
end_of_record
TN:
SF:C:\Users\jepowell\Desktop\active-projects\BCPL-assets\js\apps\filter-page\directives\filters.js
FN:5,filterLink
FNF:1
FNH:0
FNDA:0,filterLink
DA:1,1
DA:2,1
DA:4,1
DA:5,0
DA:6,0
DA:7,0
DA:10,0
DA:11,0
DA:13,0
DA:15,0
DA:16,0
DA:19,0
DA:23,0
DA:37,0
DA:40,1
LF:15
LH:4
BRDA:7,1,0,0
BRDA:7,1,1,0
BRDA:13,2,0,0
BRDA:13,2,1,0
BRDA:15,3,0,0
BRDA:15,3,1,0
BRF:6
BRH:0
end_of_record
TN:
SF:C:\Users\jepowell\Desktop\active-projects\BCPL-assets\js\apps\filter-page\directives\tag.js
FN:5,filterLink
FNF:1
FNH:0
FNDA:0,filterLink
DA:1,1
DA:2,1
DA:4,1
DA:5,0
DA:6,0
DA:7,0
DA:8,0
DA:11,0
DA:13,0
DA:18,0
DA:29,0
DA:32,1
LF:12
LH:4
BRDA:11,1,0,0
BRDA:11,1,1,0
BRF:2
BRH:0
end_of_record
TN:
SF:C:\Users\jepowell\Desktop\active-projects\BCPL-assets\js\apps\filter-page\filters\cardVisibilityFilter.js
FNF:0
FNH:0
DA:1,1
DA:2,1
DA:3,0
DA:4,0
DA:6,0
DA:7,0
DA:9,0
DA:10,0
DA:11,0
DA:15,0
DA:16,0
DA:20,0
DA:24,1
DA:26,1
LF:14
LH:4
BRDA:10,1,0,0
BRDA:10,1,1,0
BRDA:15,2,0,0
BRDA:15,2,1,0
BRF:4
BRH:0
end_of_record
TN:
SF:C:\Users\jepowell\Desktop\active-projects\BCPL-assets\js\apps\filter-page\services\cardService.js
FNF:0
FNH:0
DA:1,1
DA:2,1
DA:4,1
DA:5,8
DA:6,8
DA:7,8
DA:8,8
DA:9,8
DA:12,8
DA:13,8
DA:14,8
DA:16,8
DA:17,0
DA:18,0
DA:22,8
DA:27,1
DA:29,1
LF:17
LH:15
BRF:0
BRH:0
end_of_record
TN:
SF:C:\Users\jepowell\Desktop\active-projects\BCPL-assets\js\apps\filter-page\services\filterService.js
FNF:0
FNH:0
DA:1,1
DA:2,1
DA:3,8
DA:4,0
DA:6,0
DA:7,0
DA:10,0
DA:13,8
DA:14,0
DA:17,8
DA:18,0
DA:19,0
DA:22,8
DA:23,0
DA:24,0
DA:27,8
DA:28,0
DA:30,0
DA:31,0
DA:33,0
DA:34,0
DA:41,0
DA:44,8
DA:45,0
DA:47,0
DA:48,0
DA:50,0
DA:51,0
DA:57,0
DA:60,0
DA:63,0
DA:66,8
DA:72,1
LF:33
LH:10
BRDA:24,1,0,0
BRDA:24,1,1,0
BRF:2
BRH:0
end_of_record
TN:
SF:C:\Users\jepowell\Desktop\active-projects\BCPL-assets\js\accordion.js
FNF:0
FNH:0
DA:1,1
DA:3,1
DA:4,1
DA:5,1
DA:6,1
DA:8,1
DA:9,0
DA:11,0
DA:18,1
DA:19,0
DA:21,0
DA:28,1
DA:29,1
DA:30,1
DA:33,1
DA:36,1
DA:37,1
LF:17
LH:13
BRF:0
BRH:0
end_of_record
TN:
SF:C:\Users\jepowell\Desktop\active-projects\BCPL-assets\js\alert-box.js
FNF:0
FNH:0
DA:1,1
DA:3,1
DA:4,1
DA:5,1
DA:7,1
DA:8,1
DA:10,1
DA:11,1
DA:13,1
DA:18,1
DA:19,1
DA:23,1
DA:24,0
DA:25,0
DA:27,0
DA:28,0
DA:30,0
DA:31,0
DA:34,0
DA:37,0
DA:40,1
DA:41,1
DA:42,1
DA:44,0
DA:45,0
DA:48,0
DA:52,1
DA:54,1
DA:56,1
DA:57,0
DA:62,1
DA:63,0
DA:64,0
DA:65,0
DA:67,0
DA:69,0
DA:70,0
DA:71,0
DA:74,0
DA:78,1
DA:79,1
DA:82,1
DA:90,1
DA:91,1
LF:44
LH:24
BRDA:18,1,0,1
BRDA:18,1,1,0
BRDA:27,2,0,0
BRDA:27,2,1,0
BRDA:27,3,0,0
BRDA:27,3,1,0
BRDA:30,4,0,0
BRDA:30,4,1,0
BRDA:30,5,0,0
BRDA:30,5,1,0
BRDA:41,6,0,1
BRDA:41,6,1,0
BRDA:41,7,0,1
BRDA:41,7,1,1
BRDA:52,8,0,0
BRDA:52,8,1,0
BRDA:67,9,0,0
BRDA:67,9,1,0
BRDA:69,10,0,0
BRDA:69,10,1,0
BRDA:69,11,0,0
BRDA:69,11,1,0
BRF:22
BRH:4
end_of_record
TN:
SF:C:\Users\jepowell\Desktop\active-projects\BCPL-assets\js\book-carousel.js
FNF:0
FNH:0
DA:1,1
DA:3,1
DA:4,1
DA:5,1
DA:24,1
DA:25,0
DA:27,0
DA:30,0
DA:33,1
DA:34,0
DA:41,0
DA:44,1
DA:45,0
DA:46,0
DA:48,0
DA:51,0
DA:52,0
DA:56,1
LF:18
LH:8
BRF:0
BRH:0
end_of_record
TN:
SF:C:\Users\jepowell\Desktop\active-projects\BCPL-assets\js\featured-events.js
FNF:0
FNH:0
DA:1,1
DA:3,1
DA:4,1
DA:5,0
DA:6,0
DA:8,0
DA:11,1
DA:12,0
DA:13,0
DA:15,0
DA:18,1
DA:19,1
LF:12
LH:6
BRF:0
BRH:0
end_of_record
TN:
SF:C:\Users\jepowell\Desktop\active-projects\BCPL-assets\js\filter.js
FNF:0
FNH:0
DA:1,1
DA:3,1
DA:4,1
DA:5,1
DA:7,1
DA:8,0
DA:10,0
DA:11,0
DA:13,0
DA:14,0
DA:19,1
DA:20,0
DA:21,0
DA:22,0
DA:23,0
DA:24,0
DA:25,0
DA:26,0
DA:27,0
DA:28,0
DA:31,0
DA:32,0
DA:35,0
DA:36,0
DA:40,1
DA:41,0
DA:43,0
DA:44,0
DA:46,0
DA:47,0
DA:49,0
DA:52,1
DA:53,0
DA:54,0
DA:57,1
DA:58,0
DA:59,0
DA:60,0
DA:61,0
DA:62,0
DA:63,0
DA:64,0
DA:65,0
DA:67,0
DA:68,0
DA:70,0
DA:71,0
DA:74,0
DA:75,0
DA:76,0
DA:80,0
DA:82,0
DA:87,0
DA:90,0
DA:94,1
DA:95,0
DA:97,0
DA:102,0
DA:104,0
DA:107,1
DA:108,0
DA:111,1
DA:112,0
DA:117,1
DA:118,0
DA:123,1
DA:124,0
DA:125,0
DA:126,0
DA:128,0
DA:129,0
DA:131,0
DA:132,0
DA:133,0
DA:135,0
DA:140,1
DA:141,0
DA:143,0
DA:144,0
DA:146,0
DA:147,0
DA:148,0
DA:149,0
DA:152,1
LF:84
LH:16
BRDA:13,1,0,0
BRDA:13,1,1,0
BRDA:25,2,0,0
BRDA:25,2,1,0
BRDA:25,3,0,0
BRDA:25,3,1,0
BRDA:31,4,0,0
BRDA:31,4,1,0
BRDA:31,5,0,0
BRDA:31,5,1,0
BRDA:35,6,0,0
BRDA:35,6,1,0
BRDA:65,7,0,0
BRDA:65,7,1,0
BRDA:65,8,0,0
BRDA:65,8,1,0
BRDA:75,9,0,0
BRDA:75,9,1,0
BRDA:95,10,0,0
BRDA:95,10,1,0
BRDA:131,11,0,0
BRDA:131,11,1,0
BRF:22
BRH:0
end_of_record
TN:
SF:C:\Users\jepowell\Desktop\active-projects\BCPL-assets\js\navigation-search.js
FN:115,afterAnimation
FNF:1
FNH:0
FNDA:0,afterAnimation
DA:1,1
DA:3,1
DA:4,1
DA:5,1
DA:6,1
DA:7,1
DA:8,1
DA:9,1
DA:10,1
DA:11,1
DA:12,1
DA:13,1
DA:14,1
DA:15,1
DA:19,3
DA:21,1
DA:22,4
DA:23,4
DA:24,4
DA:25,4
DA:33,1
DA:34,6
DA:35,6
DA:36,6
DA:37,6
DA:38,6
DA:41,6
DA:42,6
DA:43,6
DA:44,6
DA:45,6
DA:46,6
DA:49,1
DA:50,6
DA:51,3
DA:53,3
DA:57,1
DA:58,3
DA:59,3
DA:60,3
DA:62,3
DA:63,0
DA:64,0
DA:72,1
DA:73,6
DA:74,6
DA:75,6
DA:76,6
DA:77,6
DA:79,6
DA:81,6
DA:84,6
DA:85,3
DA:86,3
DA:87,3
DA:89,3
DA:90,3
DA:91,3
DA:98,1
DA:99,1
DA:100,1
DA:101,1
DA:108,1
DA:109,0
DA:110,0
DA:111,0
DA:113,0
DA:114,0
DA:116,0
DA:121,0
DA:125,1
DA:127,1
DA:128,4
DA:129,4
DA:131,4
DA:132,1
DA:133,1
DA:135,3
DA:136,2
DA:138,3
DA:139,0
DA:140,0
DA:141,0
DA:150,1
DA:151,1
DA:152,1
DA:153,1
DA:154,1
DA:155,1
DA:156,1
DA:157,1
DA:158,1
DA:160,1
DA:167,1
DA:174,1
DA:178,1
DA:183,1
DA:188,1
DA:190,1
DA:195,1
DA:196,0
DA:200,1
DA:213,1
DA:214,1
LF:104
LH:91
BRDA:50,1,0,3
BRDA:50,1,1,3
BRDA:50,2,0,6
BRDA:50,2,1,3
BRDA:62,3,0,0
BRDA:62,3,1,3
BRDA:62,4,0,3
BRDA:62,4,1,0
BRDA:63,5,0,0
BRDA:63,5,1,0
BRDA:84,6,0,3
BRDA:84,6,1,3
BRDA:113,7,0,0
BRDA:113,7,1,0
BRDA:131,8,0,1
BRDA:131,8,1,3
BRDA:131,9,0,4
BRDA:131,9,1,2
BRDA:135,10,0,2
BRDA:135,10,1,1
BRDA:140,11,0,0
BRDA:140,11,1,0
BRDA:140,12,0,0
BRDA:140,12,1,0
BRDA:195,13,0,0
BRDA:195,13,1,1
BRF:26
BRH:15
end_of_record
TN:
SF:C:\Users\jepowell\Desktop\active-projects\BCPL-assets\js\navigation.js
FN:38,afterAnimation
FN:61,afterAnimation
FNF:2
FNH:0
FNDA:0,afterAnimation
FNDA:0,afterAnimation
DA:1,1
DA:3,1
DA:4,1
DA:5,1
DA:6,1
DA:7,1
DA:8,1
DA:9,1
DA:10,1
DA:12,3
DA:14,2
DA:16,1
DA:18,1
DA:20,1
DA:21,0
DA:25,0
DA:26,0
DA:30,1
DA:31,0
DA:32,0
DA:33,0
DA:39,0
DA:43,1
DA:44,0
DA:51,0
DA:52,0
DA:56,1
DA:57,0
DA:58,0
DA:59,0
DA:62,0
DA:66,1
DA:68,1
DA:70,1
DA:71,0
DA:72,0
DA:74,0
DA:78,1
DA:79,0
DA:80,0
DA:81,0
DA:82,0
DA:83,0
DA:84,0
DA:85,0
DA:87,0
DA:89,0
DA:93,1
DA:94,0
DA:95,0
DA:97,0
DA:99,0
DA:100,0
DA:101,0
DA:102,0
DA:104,0
DA:108,1
DA:109,0
DA:110,0
DA:112,0
DA:114,0
DA:115,0
DA:116,0
DA:121,0
DA:123,0
DA:124,0
DA:125,0
DA:130,0
DA:134,0
DA:136,0
DA:137,0
DA:138,0
DA:139,0
DA:145,0
DA:146,0
DA:148,0
DA:150,0
DA:154,1
DA:155,0
DA:156,0
DA:157,0
DA:158,0
DA:160,0
DA:162,0
DA:163,0
DA:164,0
DA:166,0
DA:168,0
DA:170,0
DA:171,0
DA:172,0
DA:173,0
DA:174,0
DA:177,0
DA:179,0
DA:180,0
DA:181,0
DA:183,0
DA:184,0
DA:185,0
DA:186,0
DA:187,0
DA:190,0
DA:193,0
DA:194,0
DA:195,0
DA:197,0
DA:199,0
DA:203,1
DA:204,0
DA:207,1
DA:209,1
DA:210,0
DA:211,0
DA:213,0
DA:214,0
DA:215,0
DA:219,0
DA:220,0
DA:225,1
DA:226,0
DA:228,0
DA:229,0
DA:230,0
DA:231,0
DA:235,1
DA:236,1
DA:237,1
DA:238,1
DA:239,1
DA:240,1
DA:243,1
LF:132
LH:35
BRDA:25,1,0,0
BRDA:25,1,1,0
BRDA:25,2,0,0
BRDA:25,2,1,0
BRDA:31,3,0,0
BRDA:31,3,1,0
BRDA:32,4,0,0
BRDA:32,4,1,0
BRDA:51,5,0,0
BRDA:51,5,1,0
BRDA:51,6,0,0
BRDA:51,6,1,0
BRDA:57,7,0,0
BRDA:57,7,1,0
BRDA:58,8,0,0
BRDA:58,8,1,0
BRDA:71,9,0,0
BRDA:71,9,1,0
BRDA:71,10,0,0
BRDA:71,10,1,0
BRDA:79,11,0,0
BRDA:79,11,1,0
BRDA:84,12,0,0
BRDA:84,12,1,0
BRDA:94,13,0,0
BRDA:94,13,1,0
BRDA:97,14,0,0
BRDA:97,14,1,0
BRDA:109,15,0,0
BRDA:109,15,1,0
BRDA:112,16,0,0
BRDA:112,16,1,0
BRDA:112,16,2,0
BRDA:112,16,3,0
BRDA:112,16,4,0
BRDA:112,16,5,0
BRDA:145,17,0,0
BRDA:145,17,1,0
BRDA:155,18,0,0
BRDA:155,18,1,0
BRDA:160,19,0,0
BRDA:160,19,1,0
BRDA:160,19,2,0
BRDA:160,19,3,0
BRDA:160,19,4,0
BRDA:160,19,5,0
BRDA:160,19,6,0
BRDA:163,20,0,0
BRDA:163,20,1,0
BRDA:171,21,0,0
BRDA:171,21,1,0
BRDA:184,22,0,0
BRDA:184,22,1,0
BRDA:210,23,0,0
BRDA:210,23,1,0
BRDA:228,24,0,0
BRDA:228,24,1,0
BRDA:228,25,0,0
BRDA:228,25,1,0
BRF:59
BRH:0
end_of_record
TN:
SF:C:\Users\jepowell\Desktop\active-projects\BCPL-assets\js\scroll-to-top.js
FNF:0
FNH:0
DA:1,1
DA:3,1
DA:4,1
DA:5,1
DA:6,1
DA:7,1
DA:9,1
DA:10,0
DA:15,1
DA:16,1
DA:19,1
DA:24,1
LF:12
LH:11
BRF:0
BRH:0
end_of_record
TN:
SF:C:\Users\jepowell\Desktop\active-projects\BCPL-assets\js\site-search.js
FNF:0
FNH:0
DA:1,1
DA:3,1
DA:4,1
DA:5,1
DA:6,1
DA:7,1
DA:9,1
DA:10,2
DA:11,2
DA:16,1
DA:17,1
DA:23,1
DA:24,4
DA:25,4
DA:26,4
DA:27,4
DA:29,4
DA:30,1
DA:31,1
DA:34,4
DA:35,4
DA:38,1
DA:39,1
DA:40,1
LF:24
LH:24
BRDA:29,1,0,1
BRDA:29,1,1,3
BRF:2
BRH:2
end_of_record
TN:
SF:C:\Users\jepowell\Desktop\active-projects\BCPL-assets\js\tabs.js
FNF:0
FNH:0
DA:1,1
DA:3,1
DA:4,1
DA:5,1
DA:6,1
DA:8,1
DA:9,0
DA:10,0
DA:11,0
DA:13,0
DA:14,0
DA:15,0
DA:16,0
DA:19,1
DA:20,1
DA:21,1
DA:23,1
DA:29,1
DA:32,1
DA:33,1
LF:20
LH:13
BRF:0
BRH:0
end_of_record
