TN:
SF:C:\Webs\baltimorecountymd.gov\BCPL-assets\js\utility\namespacer.js
FNF:0
FNH:0
DA:5,1
DA:6,8
DA:7,2
DA:10,6
DA:11,6
DA:13,6
DA:14,0
DA:17,6
DA:18,10
DA:20,10
DA:21,6
DA:24,10
LF:12
LH:11
BRDA:6,1,0,2
BRDA:6,1,1,6
BRDA:13,2,0,0
BRDA:13,2,1,6
BRDA:20,3,0,6
BRDA:20,3,1,4
BRF:6
BRH:5
end_of_record
TN:
SF:C:\Webs\baltimorecountymd.gov\BCPL-assets\js\utility\flex-detect.js
FNF:0
FNH:0
DA:1,1
DA:3,1
DA:4,1
DA:5,3
DA:7,3
DA:9,3
DA:10,1
DA:14,1
DA:17,1
DA:18,1
LF:10
LH:10
BRDA:5,1,0,3
BRDA:5,1,1,1
BRDA:9,2,0,1
BRDA:9,2,1,2
BRF:4
BRH:4
end_of_record
TN:
SF:C:\Webs\baltimorecountymd.gov\BCPL-assets\js\utility\numericStringTools.js
FNF:0
FNH:0
DA:1,1
DA:3,1
DA:9,1
DA:10,4
DA:11,4
DA:18,1
DA:19,3
DA:20,3
DA:21,3
DA:28,1
DA:29,2
DA:30,2
DA:31,2
DA:33,2
DA:36,1
LF:15
LH:15
BRDA:11,1,0,1
BRDA:11,1,1,3
BRDA:11,2,0,4
BRDA:11,2,1,1
BRDA:21,3,0,2
BRDA:21,3,1,1
BRDA:33,4,0,1
BRDA:33,4,1,1
BRF:8
BRH:8
end_of_record
TN:
SF:C:\Webs\baltimorecountymd.gov\BCPL-assets\js\utility\querystringer.js
FNF:0
FNH:0
DA:1,1
DA:3,1
DA:9,1
DA:10,3
DA:12,3
DA:13,3
DA:14,3
DA:15,3
DA:17,3
DA:18,9
DA:19,9
DA:20,9
DA:22,9
DA:25,3
DA:28,0
DA:31,1
LF:16
LH:15
BRDA:10,1,0,3
BRDA:10,1,1,0
BRDA:12,2,0,3
BRDA:12,2,1,0
BRDA:22,3,0,9
BRDA:22,3,1,0
BRF:6
BRH:3
end_of_record
TN:
SF:C:\Webs\baltimorecountymd.gov\BCPL-assets\js\navigation-search.js
FN:81,afterAnimation
FNF:1
FNH:0
FNDA:0,afterAnimation
DA:1,1
DA:3,1
DA:4,1
DA:5,1
DA:6,1
DA:7,1
DA:8,1
DA:9,1
DA:10,1
DA:14,1
DA:15,4
DA:16,4
DA:17,4
DA:18,4
DA:26,1
DA:27,6
DA:28,6
DA:29,6
DA:30,6
DA:31,6
DA:34,6
DA:35,6
DA:36,6
DA:37,6
DA:38,6
DA:39,6
DA:45,1
DA:46,6
DA:47,6
DA:48,6
DA:50,6
DA:51,3
DA:52,3
DA:53,3
DA:55,3
DA:56,3
DA:57,3
DA:64,1
DA:65,1
DA:66,1
DA:67,1
DA:74,1
DA:75,0
DA:76,0
DA:77,0
DA:79,0
DA:80,0
DA:82,0
DA:87,0
DA:91,1
DA:93,1
DA:94,4
DA:95,4
DA:97,4
DA:98,1
DA:99,1
DA:101,3
DA:102,3
DA:103,3
DA:104,3
DA:105,3
DA:114,1
DA:115,1
DA:116,1
DA:117,1
DA:118,1
DA:119,1
DA:120,1
DA:121,1
DA:123,1
DA:129,1
DA:136,1
DA:140,1
DA:145,1
DA:150,1
DA:155,1
DA:156,0
DA:160,1
DA:173,1
DA:174,1
LF:80
LH:72
BRDA:50,1,0,3
BRDA:50,1,1,3
BRDA:79,2,0,0
BRDA:79,2,1,0
BRDA:97,3,0,1
BRDA:97,3,1,3
BRDA:97,4,0,4
BRDA:97,4,1,2
BRDA:104,5,0,3
BRDA:104,5,1,0
BRDA:104,6,0,3
BRDA:104,6,1,3
BRDA:155,7,0,0
BRDA:155,7,1,1
BRF:14
BRH:10
end_of_record
TN:
SF:C:\Webs\baltimorecountymd.gov\BCPL-assets\js\alert-box.js
FNF:0
FNH:0
DA:1,1
DA:3,1
DA:4,1
DA:5,1
DA:7,1
DA:8,1
DA:10,1
DA:11,2
DA:13,2
DA:14,2
DA:17,1
DA:18,1
DA:19,1
DA:20,1
DA:22,1
DA:23,1
DA:24,1
DA:27,0
DA:28,0
DA:32,1
DA:40,1
DA:41,1
LF:22
LH:20
BRDA:22,1,0,1
BRDA:22,1,1,0
BRDA:22,2,0,1
BRDA:22,2,1,1
BRDA:22,2,2,0
BRF:5
BRH:3
end_of_record
