TN:
SF:C:\Webs\baltimorecountymd.gov\bcpl-assets\js\utility\namespacer.js
FNF:0
FNH:0
DA:5,1
DA:6,10
DA:7,10
DA:9,10
DA:10,0
DA:13,10
DA:14,15
DA:16,15
DA:17,5
DA:20,15
LF:10
LH:9
BRDA:9,1,0,0
BRDA:9,1,1,10
BRDA:16,2,0,5
BRDA:16,2,1,10
BRF:4
BRH:3
end_of_record
TN:
SF:C:\Webs\baltimorecountymd.gov\bcpl-assets\js\utility\flex-detect.js
FNF:0
FNH:0
DA:1,1
DA:3,1
DA:4,1
DA:5,3
DA:7,3
DA:9,3
DA:10,1
DA:14,1
DA:17,1
DA:18,1
LF:10
LH:10
BRDA:5,1,0,3
BRDA:5,1,1,1
BRDA:9,2,0,1
BRDA:9,2,1,2
BRF:4
BRH:4
end_of_record
TN:
SF:C:\Webs\baltimorecountymd.gov\bcpl-assets\js\utility\numericStringTools.js
FNF:0
FNH:0
DA:1,1
DA:3,1
DA:9,1
DA:10,4
DA:11,4
DA:18,1
DA:19,3
DA:20,3
DA:21,3
DA:28,1
DA:29,2
DA:30,2
DA:31,2
DA:33,2
DA:36,1
LF:15
LH:15
BRDA:11,1,0,1
BRDA:11,1,1,3
BRDA:11,2,0,4
BRDA:11,2,1,1
BRDA:21,3,0,2
BRDA:21,3,1,1
BRDA:33,4,0,1
BRDA:33,4,1,1
BRF:8
BRH:8
end_of_record
TN:
SF:C:\Webs\baltimorecountymd.gov\bcpl-assets\js\utility\querystringer.js
FNF:0
FNH:0
DA:1,1
DA:3,1
DA:9,1
DA:10,4
DA:12,4
DA:13,3
DA:14,3
DA:15,3
DA:17,3
DA:18,9
DA:19,9
DA:20,9
DA:22,9
DA:25,3
DA:28,1
DA:31,1
LF:16
LH:16
BRDA:10,1,0,4
BRDA:10,1,1,1
BRDA:12,2,0,3
BRDA:12,2,1,1
BRDA:22,3,0,9
BRDA:22,3,1,0
BRF:6
BRH:5
end_of_record
TN:
SF:C:\Webs\baltimorecountymd.gov\bcpl-assets\js\page-specific\branches-filter.js
FNF:0
FNH:0
DA:1,1
DA:3,1
DA:4,1
DA:6,1
DA:7,0
DA:8,0
DA:9,0
DA:10,0
DA:12,0
DA:13,0
DA:17,1
DA:18,0
DA:20,0
DA:21,0
DA:23,0
DA:24,0
DA:26,0
DA:29,1
DA:30,0
DA:32,0
DA:35,1
DA:36,0
DA:37,0
DA:38,0
DA:39,0
DA:41,0
DA:42,0
DA:44,0
DA:45,0
DA:48,0
DA:49,0
DA:50,0
DA:54,0
DA:55,0
DA:56,0
DA:61,1
DA:62,0
DA:63,0
DA:64,0
DA:65,0
DA:67,0
DA:70,1
DA:71,1
DA:74,1
DA:75,0
DA:76,0
DA:77,0
DA:79,0
DA:81,0
DA:82,0
DA:83,0
DA:84,0
DA:85,0
DA:89,0
DA:90,0
DA:91,0
DA:92,0
DA:97,1
DA:98,1
DA:100,1
DA:103,1
DA:106,1
DA:107,1
LF:63
LH:17
BRDA:12,1,0,0
BRDA:12,1,1,0
BRDA:49,2,0,0
BRDA:49,2,1,0
BRDA:54,3,0,0
BRDA:54,3,1,0
BRDA:81,4,0,0
BRDA:81,4,1,0
BRDA:89,5,0,0
BRDA:89,5,1,0
BRF:10
BRH:0
end_of_record
TN:
SF:C:\Webs\baltimorecountymd.gov\bcpl-assets\js\page-specific\search-results.js
FNF:0
FNH:0
DA:1,1
DA:3,1
DA:4,1
DA:5,0
DA:8,1
DA:9,0
DA:10,0
DA:12,1
DA:13,0
DA:15,0
DA:17,0
DA:19,0
DA:21,0
DA:23,0
DA:25,0
DA:28,1
DA:29,0
DA:31,0
DA:32,0
DA:39,0
DA:41,0
DA:42,0
DA:43,0
DA:44,0
DA:45,0
DA:48,0
DA:51,0
DA:53,0
DA:54,0
DA:55,0
DA:56,0
DA:57,0
DA:60,0
DA:64,1
DA:65,0
DA:68,1
DA:69,0
DA:72,1
DA:73,0
DA:74,0
DA:76,0
DA:79,1
DA:80,0
DA:81,0
DA:83,0
DA:86,1
DA:87,1
DA:89,1
DA:90,0
DA:91,0
DA:92,0
DA:94,0
DA:95,0
DA:97,0
DA:99,1
DA:100,1
DA:104,1
DA:109,1
DA:110,1
LF:59
LH:18
BRDA:13,1,0,0
BRDA:13,1,1,0
BRDA:13,2,0,0
BRDA:13,2,1,0
BRDA:17,3,0,0
BRDA:17,3,1,0
BRDA:17,4,0,0
BRDA:17,4,1,0
BRDA:19,5,0,0
BRDA:19,5,1,0
BRDA:19,6,0,0
BRDA:19,6,1,0
BRDA:21,7,0,0
BRDA:21,7,1,0
BRDA:23,8,0,0
BRDA:23,8,1,0
BRDA:31,9,0,0
BRDA:31,9,1,0
BRDA:89,10,0,0
BRDA:89,10,1,1
BRDA:91,11,0,0
BRDA:91,11,1,0
BRDA:92,12,0,0
BRDA:92,12,1,0
BRF:24
BRH:1
end_of_record
TN:
SF:C:\Webs\baltimorecountymd.gov\bcpl-assets\js\alert-box.js
FNF:0
FNH:0
DA:1,1
DA:3,1
DA:4,1
DA:5,1
DA:7,1
DA:8,1
DA:10,1
DA:11,0
DA:13,0
DA:14,0
DA:17,1
DA:18,1
DA:19,1
DA:20,1
DA:22,1
DA:23,1
DA:24,1
DA:27,0
DA:28,0
DA:32,1
DA:37,1
DA:38,1
LF:22
LH:17
BRDA:22,1,0,1
BRDA:22,1,1,0
BRDA:22,2,0,1
BRDA:22,2,1,1
BRDA:22,2,2,0
BRF:5
BRH:3
end_of_record
TN:
SF:C:\Webs\baltimorecountymd.gov\bcpl-assets\js\constants.js
FNF:0
FNH:0
DA:1,1
DA:3,1
DA:4,1
LF:3
LH:3
BRF:0
BRH:0
end_of_record
TN:
SF:C:\Webs\baltimorecountymd.gov\bcpl-assets\js\navigation-search.js
FNF:0
FNH:0
DA:1,1
DA:3,1
DA:4,1
DA:5,1
DA:6,1
DA:7,1
DA:8,1
DA:9,1
DA:10,1
DA:11,1
DA:12,1
DA:16,1
DA:17,11
DA:18,11
DA:22,11
DA:30,1
DA:31,7
DA:32,7
DA:33,7
DA:34,7
DA:35,7
DA:37,7
DA:38,7
DA:39,7
DA:40,7
DA:41,7
DA:42,7
DA:43,7
DA:49,1
DA:50,6
DA:51,6
DA:52,6
DA:54,6
DA:55,3
DA:56,3
DA:57,3
DA:59,3
DA:60,3
DA:61,3
DA:68,1
DA:69,1
DA:70,1
DA:71,1
DA:78,1
DA:79,0
DA:80,0
DA:81,0
DA:88,1
DA:89,3
DA:90,3
DA:91,3
DA:93,3
DA:94,3
DA:95,3
DA:98,1
DA:99,2
DA:100,2
DA:101,2
DA:104,1
DA:106,1
DA:107,4
DA:108,4
DA:110,4
DA:111,1
DA:112,1
DA:114,3
DA:115,3
DA:116,3
DA:117,3
DA:118,3
DA:127,1
DA:128,1
DA:129,1
DA:130,1
DA:131,1
DA:132,1
DA:133,1
DA:134,1
DA:135,1
DA:136,1
DA:138,1
DA:144,1
DA:151,1
DA:153,1
DA:158,1
DA:163,1
DA:165,1
DA:167,1
DA:172,1
DA:173,0
DA:177,1
DA:192,1
DA:193,1
LF:93
LH:89
BRDA:54,1,0,3
BRDA:54,1,1,3
BRDA:110,2,0,1
BRDA:110,2,1,3
BRDA:110,3,0,4
BRDA:110,3,1,2
BRDA:117,4,0,3
BRDA:117,4,1,0
BRDA:172,5,0,0
BRDA:172,5,1,1
BRF:10
BRH:8
end_of_record
TN:
SF:C:\Webs\baltimorecountymd.gov\bcpl-assets\js\navigation.js
FNF:0
FNH:0
DA:1,1
DA:3,1
DA:4,1
DA:5,1
DA:7,1
DA:11,1
DA:13,1
DA:15,1
DA:17,1
DA:18,0
DA:21,1
DA:22,0
DA:23,0
DA:24,0
DA:25,0
DA:27,0
DA:29,0
DA:30,0
DA:31,0
DA:32,0
DA:35,0
DA:36,0
DA:37,0
DA:40,1
DA:41,0
DA:42,0
DA:44,0
DA:45,0
DA:46,0
DA:47,0
DA:48,0
DA:52,1
DA:53,0
DA:54,0
DA:55,0
DA:56,0
DA:57,0
DA:60,1
DA:61,0
DA:62,0
DA:63,0
DA:64,0
DA:67,1
DA:68,0
DA:69,0
DA:70,0
DA:73,1
DA:74,1
DA:75,1
DA:76,1
LF:50
LH:18
BRDA:27,1,0,0
BRDA:27,1,1,0
BRDA:31,2,0,0
BRDA:31,2,1,0
BRDA:32,3,0,0
BRDA:32,3,1,0
BRDA:42,4,0,0
BRDA:42,4,1,0
BRDA:44,5,0,0
BRDA:44,5,1,0
BRF:10
BRH:0
end_of_record
TN:
SF:C:\Webs\baltimorecountymd.gov\bcpl-assets\js\tabs.js
FNF:0
FNH:0
DA:1,1
DA:3,1
DA:4,1
DA:5,1
DA:6,1
DA:8,1
DA:9,0
DA:10,0
DA:11,0
DA:13,0
DA:14,0
DA:15,0
DA:16,0
DA:19,1
DA:20,1
DA:21,1
DA:23,1
DA:29,1
DA:32,1
DA:33,1
LF:20
LH:13
BRF:0
BRH:0
end_of_record
